/Users/petercheng/Library/Python/3.9/lib/python/site-packages/paramiko/pkey.py:82: CryptographyDeprecationWarning: TripleDES has been moved to cryptography.hazmat.decrepit.ciphers.algorithms.TripleDES and will be removed from cryptography.hazmat.primitives.ciphers.algorithms in 48.0.0.
  "cipher": algorithms.TripleDES,
/Users/petercheng/Library/Python/3.9/lib/python/site-packages/paramiko/transport.py:253: CryptographyDeprecationWarning: TripleDES has been moved to cryptography.hazmat.decrepit.ciphers.algorithms.TripleDES and will be removed from cryptography.hazmat.primitives.ciphers.algorithms in 48.0.0.
  "class": algorithms.TripleDES,
Connecting to remote database...
Connecting to local database 'bi'...
Fetching batch: offset 0...
Fetching batch: offset 2000...
Fetching batch: offset 4000...
Fetching batch: offset 6000...
Fetching batch: offset 8000...
Fetching batch: offset 10000...
Fetching batch: offset 12000...
Fetching batch: offset 14000...
Fetching batch: offset 16000...
Fetching batch: offset 18000...
Fetching batch: offset 20000...
Fetching batch: offset 22000...
Fetching batch: offset 24000...
Fetching batch: offset 26000...
Fetching batch: offset 28000...
Fetching batch: offset 30000...
Fetching batch: offset 32000...
Fetching batch: offset 34000...
Fetching batch: offset 36000...
Fetching batch: offset 38000...
Fetching batch: offset 40000...
Fetching batch: offset 42000...
Fetching batch: offset 44000...
Fetching batch: offset 46000...
Fetching batch: offset 48000...
Fetching batch: offset 50000...
Fetching batch: offset 52000...
Fetching batch: offset 54000...
Fetching batch: offset 56000...
Fetching batch: offset 58000...
Fetching batch: offset 60000...
Fetching batch: offset 62000...
Fetching batch: offset 64000...
Fetching batch: offset 66000...
Fetching batch: offset 68000...
Fetching batch: offset 70000...
Fetching batch: offset 72000...
Fetching batch: offset 74000...
Fetching batch: offset 76000...
Fetching batch: offset 78000...
Fetching batch: offset 80000...
Fetching batch: offset 82000...
Fetching batch: offset 84000...
Fetching batch: offset 86000...
Fetching batch: offset 88000...
Fetching batch: offset 90000...
Fetching batch: offset 92000...
Fetching batch: offset 94000...
Fetching batch: offset 96000...
Fetching batch: offset 98000...
Fetching batch: offset 100000...
Fetching batch: offset 102000...
Fetching batch: offset 104000...
Fetching batch: offset 106000...
Fetching batch: offset 108000...
Fetching batch: offset 110000...
Fetching batch: offset 112000...
Fetching batch: offset 114000...
Fetching batch: offset 116000...
Fetching batch: offset 118000...
Fetching batch: offset 120000...
Fetching batch: offset 122000...
Fetching batch: offset 124000...
Fetching batch: offset 126000...
Fetching batch: offset 128000...
Fetching batch: offset 130000...
Fetching batch: offset 132000...
Fetching batch: offset 134000...
Fetching batch: offset 136000...
Fetching batch: offset 138000...
Fetching batch: offset 140000...
Fetching batch: offset 142000...
Fetching batch: offset 144000...
Fetching batch: offset 146000...
Fetching batch: offset 148000...
Fetching batch: offset 150000...
Fetching batch: offset 152000...
Fetching batch: offset 154000...
Fetching batch: offset 156000...
Fetching batch: offset 158000...
Fetching batch: offset 160000...
Fetching batch: offset 162000...
Fetching batch: offset 164000...
Fetching batch: offset 166000...
Fetching batch: offset 168000...
Fetching batch: offset 170000...
Fetching batch: offset 172000...
Fetching batch: offset 174000...
Fetching batch: offset 176000...
Fetching batch: offset 178000...
Fetching batch: offset 180000...
Fetching batch: offset 182000...
Fetching batch: offset 184000...
Fetching batch: offset 186000...
Fetching batch: offset 188000...
Fetching batch: offset 190000...
Fetching batch: offset 192000...
Fetching batch: offset 194000...
Fetching batch: offset 196000...
Fetching batch: offset 198000...
Fetching batch: offset 200000...
Fetching batch: offset 202000...
Fetching batch: offset 204000...
Fetching batch: offset 206000...
Fetching batch: offset 208000...
Fetching batch: offset 210000...
Fetching batch: offset 212000...
Fetching batch: offset 214000...
Fetching batch: offset 216000...
Fetching batch: offset 218000...
Fetching batch: offset 220000...
Fetching batch: offset 222000...
Fetching batch: offset 224000...
Fetching batch: offset 226000...
Fetching batch: offset 228000...
Fetching batch: offset 230000...
Fetching batch: offset 232000...
Fetching batch: offset 234000...
Fetching batch: offset 236000...
Fetching batch: offset 238000...
Fetching batch: offset 240000...
Fetching batch: offset 242000...
Fetching batch: offset 244000...
Fetching batch: offset 246000...
Fetching batch: offset 248000...
Fetching batch: offset 250000...
Fetching batch: offset 252000...
Fetching batch: offset 254000...
Fetching batch: offset 256000...
Fetching batch: offset 258000...
Fetching batch: offset 260000...
Fetching batch: offset 262000...
Fetching batch: offset 264000...
Fetching batch: offset 266000...
Fetching batch: offset 268000...
Fetching batch: offset 270000...
Fetching batch: offset 272000...
Fetching batch: offset 274000...
Fetching batch: offset 276000...
Fetching batch: offset 278000...
Fetching batch: offset 280000...
Fetching batch: offset 282000...
Fetching batch: offset 284000...
Fetching batch: offset 286000...
Fetching batch: offset 288000...
Fetching batch: offset 290000...
Fetching batch: offset 292000...
Fetching batch: offset 294000...
Fetching batch: offset 296000...
Fetching batch: offset 298000...
Fetching batch: offset 300000...
Fetching batch: offset 302000...
Fetching batch: offset 304000...
Fetching batch: offset 306000...
Fetching batch: offset 308000...
Fetching batch: offset 310000...
Fetching batch: offset 312000...
Fetching batch: offset 314000...
Fetching batch: offset 316000...
Fetching batch: offset 318000...
Fetching batch: offset 320000...
Fetching batch: offset 322000...
Fetching batch: offset 324000...
Fetching batch: offset 326000...
Fetching batch: offset 328000...
Fetching batch: offset 330000...
Fetching batch: offset 332000...
Fetching batch: offset 334000...
Fetching batch: offset 336000...
Fetching batch: offset 338000...
Fetching batch: offset 340000...
Fetching batch: offset 342000...
Fetching batch: offset 344000...
Fetching batch: offset 346000...
Fetching batch: offset 348000...
Fetching batch: offset 350000...
Fetching batch: offset 352000...
Fetching batch: offset 354000...
Fetching batch: offset 356000...
Fetching batch: offset 358000...
Fetching batch: offset 360000...
Fetching batch: offset 362000...
Fetching batch: offset 364000...
Fetching batch: offset 366000...
Fetching batch: offset 368000...
Fetching batch: offset 370000...
Fetching batch: offset 372000...
Fetching batch: offset 374000...
Fetching batch: offset 376000...
Fetching batch: offset 378000...
Fetching batch: offset 380000...
Fetching batch: offset 382000...
Fetching batch: offset 384000...
Fetching batch: offset 386000...
Fetching batch: offset 388000...
Fetching batch: offset 390000...
Fetching batch: offset 392000...
Fetching batch: offset 394000...
Fetching batch: offset 396000...
Fetching batch: offset 398000...
Fetching batch: offset 400000...
Fetching batch: offset 402000...
Fetching batch: offset 404000...
Fetching batch: offset 406000...
Fetching batch: offset 408000...
Fetching batch: offset 410000...
Fetching batch: offset 412000...
Fetching batch: offset 414000...
Fetching batch: offset 416000...
Fetching batch: offset 418000...
Fetching batch: offset 420000...
Fetching batch: offset 422000...
Fetching batch: offset 424000...
Fetching batch: offset 426000...
Fetching batch: offset 428000...
Fetching batch: offset 430000...
Fetching batch: offset 432000...
Fetching batch: offset 434000...
Fetching batch: offset 436000...
Fetching batch: offset 438000...
Fetching batch: offset 440000...
Fetching batch: offset 442000...
Fetching batch: offset 444000...
Fetching batch: offset 446000...
Fetching batch: offset 448000...
Fetching batch: offset 450000...
Fetching batch: offset 452000...
Fetching batch: offset 454000...
Fetching batch: offset 456000...
Fetching batch: offset 458000...
Fetching batch: offset 460000...
Fetching batch: offset 462000...
Fetching batch: offset 464000...
Fetching batch: offset 466000...
Fetching batch: offset 468000...
Fetching batch: offset 470000...
Fetching batch: offset 472000...
Fetching batch: offset 474000...
Fetching batch: offset 476000...
Fetching batch: offset 478000...
Fetching batch: offset 480000...
Fetching batch: offset 482000...
Fetching batch: offset 484000...
Fetching batch: offset 486000...
Fetching batch: offset 488000...
Fetching batch: offset 490000...
Fetching batch: offset 492000...
Fetching batch: offset 494000...
Fetching batch: offset 496000...
Fetching batch: offset 498000...
Fetching batch: offset 500000...
Fetching batch: offset 502000...
Fetching batch: offset 504000...
Fetching batch: offset 506000...
Fetching batch: offset 508000...
Fetching batch: offset 510000...
Fetching batch: offset 512000...
Fetching batch: offset 514000...
Fetching batch: offset 516000...
Fetching batch: offset 518000...
Fetching batch: offset 520000...
Fetching batch: offset 522000...
Fetching batch: offset 524000...
Fetching batch: offset 526000...
Fetching batch: offset 528000...
Fetching batch: offset 530000...
Fetching batch: offset 532000...
Fetching batch: offset 534000...
Fetching batch: offset 536000...
Fetching batch: offset 538000...
Fetching batch: offset 540000...
Fetching batch: offset 542000...
Fetching batch: offset 544000...
Fetching batch: offset 546000...
Fetching batch: offset 548000...
Fetching batch: offset 550000...
Fetching batch: offset 552000...
Fetching batch: offset 554000...
Fetching batch: offset 556000...
Fetching batch: offset 558000...
Fetching batch: offset 560000...
Fetching batch: offset 562000...
Fetching batch: offset 564000...
Fetching batch: offset 566000...
Fetching batch: offset 568000...
Fetching batch: offset 570000...
Fetching batch: offset 572000...
Fetching batch: offset 574000...
Fetching batch: offset 576000...
Fetching batch: offset 578000...
Fetching batch: offset 580000...
Fetching batch: offset 582000...
Fetching batch: offset 584000...
Fetching batch: offset 586000...
Fetching batch: offset 588000...
Fetching batch: offset 590000...
Fetching batch: offset 592000...
Fetching batch: offset 594000...
Fetching batch: offset 596000...
Fetching batch: offset 598000...
Fetching batch: offset 600000...
Fetching batch: offset 602000...
Fetching batch: offset 604000...
Fetching batch: offset 606000...
Fetching batch: offset 608000...
Fetching batch: offset 610000...
Fetching batch: offset 612000...
Fetching batch: offset 614000...
Fetching batch: offset 616000...
Fetching batch: offset 618000...
Fetching batch: offset 620000...
Fetching batch: offset 622000...
Fetching batch: offset 624000...
Fetching batch: offset 626000...
Fetching batch: offset 628000...
Fetching batch: offset 630000...
Fetching batch: offset 632000...
Fetching batch: offset 634000...
Fetching batch: offset 636000...
Fetching batch: offset 638000...
Fetching batch: offset 640000...
Fetching batch: offset 642000...
Fetching batch: offset 644000...
Fetching batch: offset 646000...
Fetching batch: offset 648000...
Fetching batch: offset 650000...
Fetching batch: offset 652000...
Fetching batch: offset 654000...
Fetching batch: offset 656000...
Fetching batch: offset 658000...
Fetching batch: offset 660000...
Fetching batch: offset 662000...
Fetching batch: offset 664000...
Fetching batch: offset 666000...
Fetching batch: offset 668000...
Fetching batch: offset 670000...
Fetching batch: offset 672000...
Fetching batch: offset 674000...
Fetching batch: offset 676000...
Fetching batch: offset 678000...
Fetching batch: offset 680000...
Fetching batch: offset 682000...
Fetching batch: offset 684000...
Fetching batch: offset 686000...
Fetching batch: offset 688000...
Fetching batch: offset 690000...
Fetching batch: offset 692000...
Fetching batch: offset 694000...
Fetching batch: offset 696000...
Fetching batch: offset 698000...
Fetching batch: offset 700000...
Fetching batch: offset 702000...
Fetching batch: offset 704000...
Fetching batch: offset 706000...
Fetching batch: offset 708000...
Fetching batch: offset 710000...
Fetching batch: offset 712000...
Fetching batch: offset 714000...
Fetching batch: offset 716000...
Fetching batch: offset 718000...
Fetching batch: offset 720000...
Fetching batch: offset 722000...
Fetching batch: offset 724000...
Fetching batch: offset 726000...
Fetching batch: offset 728000...
Fetching batch: offset 730000...
Fetching batch: offset 732000...
Fetching batch: offset 734000...
Fetching batch: offset 736000...
Fetching batch: offset 738000...
Fetching batch: offset 740000...
Fetching batch: offset 742000...
Fetching batch: offset 744000...
Fetching batch: offset 746000...
Fetching batch: offset 748000...
Fetching batch: offset 750000...
Fetching batch: offset 752000...
Fetching batch: offset 754000...
Fetching batch: offset 756000...
Fetching batch: offset 758000...
Fetching batch: offset 760000...
Fetching batch: offset 762000...
Fetching batch: offset 764000...
Fetching batch: offset 766000...
Fetching batch: offset 768000...
Fetching batch: offset 770000...
Fetching batch: offset 772000...
Fetching batch: offset 774000...
Fetching batch: offset 776000...
Fetching batch: offset 778000...
Fetching batch: offset 780000...
Fetching batch: offset 782000...
Fetching batch: offset 784000...
Fetching batch: offset 786000...
Fetching batch: offset 788000...
Fetching batch: offset 790000...
Fetching batch: offset 792000...
Fetching batch: offset 794000...
Fetching batch: offset 796000...
Fetching batch: offset 798000...
Fetching batch: offset 800000...
Fetching batch: offset 802000...
Fetching batch: offset 804000...
Fetching batch: offset 806000...
Fetching batch: offset 808000...
Fetching batch: offset 810000...
Migration completed. Total devices migrated: 808575
