/Users/petercheng/Library/Python/3.9/lib/python/site-packages/paramiko/pkey.py:82: CryptographyDeprecationWarning: TripleDES has been moved to cryptography.hazmat.decrepit.ciphers.algorithms.TripleDES and will be removed from cryptography.hazmat.primitives.ciphers.algorithms in 48.0.0.
  "cipher": algorithms.TripleDES,
/Users/petercheng/Library/Python/3.9/lib/python/site-packages/paramiko/transport.py:253: CryptographyDeprecationWarning: TripleDES has been moved to cryptography.hazmat.decrepit.ciphers.algorithms.TripleDES and will be removed from cryptography.hazmat.primitives.ciphers.algorithms in 48.0.0.
  "class": algorithms.TripleDES,
Connecting to remote database via SSH...
Connecting to local database...
Starting Phase 1 migration: Direct mapping from cloud_info...
Migrated 25000 records...
Migrated 50000 records...
Migrated 75000 records...
Migrated 100000 records...
Migrated 125000 records...
Migrated 150000 records...
Migrated 175000 records...
Migrated 200000 records...
Migrated 225000 records...
Migrated 250000 records...
Migrated 275000 records...
Migrated 300000 records...
Migrated 325000 records...
Migrated 350000 records...
Migrated 375000 records...
Migrated 400000 records...
Migrated 425000 records...
Migrated 450000 records...
Migrated 475000 records...
Migrated 500000 records...
Migrated 525000 records...
Migrated 550000 records...
Migrated 575000 records...
Migrated 579870 records...
Phase 1 Migration completed. Total records: 579870
