/Users/petercheng/Library/Python/3.9/lib/python/site-packages/paramiko/pkey.py:82: CryptographyDeprecationWarning: TripleDES has been moved to cryptography.hazmat.decrepit.ciphers.algorithms.TripleDES and will be removed from cryptography.hazmat.primitives.ciphers.algorithms in 48.0.0.
  "cipher": algorithms.TripleDES,
/Users/petercheng/Library/Python/3.9/lib/python/site-packages/paramiko/transport.py:253: CryptographyDeprecationWarning: TripleDES has been moved to cryptography.hazmat.decrepit.ciphers.algorithms.TripleDES and will be removed from cryptography.hazmat.primitives.ciphers.algorithms in 48.0.0.
  "class": algorithms.TripleDES,
Connecting to remote database via SSH...
Connecting to local database...
Cleaning and fetching optimized order data...
Fetched 640742 unique orders. Preparing for insertion...
Inserting into local DB...
Inserted 2000 records...
Inserted 22000 records...
Inserted 42000 records...
Inserted 62000 records...
Inserted 82000 records...
Inserted 102000 records...
Inserted 122000 records...
Inserted 142000 records...
Inserted 162000 records...
Inserted 182000 records...
Inserted 202000 records...
Inserted 222000 records...
Inserted 242000 records...
Inserted 262000 records...
Inserted 282000 records...
Inserted 302000 records...
Inserted 322000 records...
Inserted 342000 records...
Inserted 362000 records...
Inserted 382000 records...
Inserted 402000 records...
Inserted 422000 records...
Inserted 442000 records...
Inserted 462000 records...
Inserted 482000 records...
Inserted 502000 records...
Inserted 522000 records...
Inserted 542000 records...
Inserted 562000 records...
Inserted 582000 records...
Inserted 602000 records...
Inserted 622000 records...
Inserted 640742 records...
Migration completed. Total records migrated: 640742
